{"C:\\Repository\\priv\\react\\part2\\frontend\\src\\App.js": {"path":"C:\\Repository\\priv\\react\\part2\\frontend\\src\\App.js","statementMap":{"0":{"start":{"line":12,"column":12},"end":{"line":144,"column":1}},"1":{"start":{"line":13,"column":28},"end":{"line":13,"column":40}},"2":{"start":{"line":14,"column":32},"end":{"line":14,"column":46}},"3":{"start":{"line":15,"column":28},"end":{"line":15,"column":40}},"4":{"start":{"line":16,"column":34},"end":{"line":16,"column":46}},"5":{"start":{"line":17,"column":34},"end":{"line":17,"column":46}},"6":{"start":{"line":18,"column":26},"end":{"line":18,"column":40}},"7":{"start":{"line":20,"column":22},"end":{"line":20,"column":30}},"8":{"start":{"line":22,"column":2},"end":{"line":29,"column":9}},"9":{"start":{"line":23,"column":23},"end":{"line":23,"column":64}},"10":{"start":{"line":24,"column":4},"end":{"line":28,"column":5}},"11":{"start":{"line":25,"column":19},"end":{"line":25,"column":41}},"12":{"start":{"line":26,"column":6},"end":{"line":26,"column":20}},"13":{"start":{"line":27,"column":6},"end":{"line":27,"column":39}},"14":{"start":{"line":31,"column":22},"end":{"line":48,"column":3}},"15":{"start":{"line":32,"column":4},"end":{"line":32,"column":27}},"16":{"start":{"line":33,"column":4},"end":{"line":33,"column":55}},"17":{"start":{"line":34,"column":4},"end":{"line":47,"column":5}},"18":{"start":{"line":35,"column":19},"end":{"line":35,"column":67}},"19":{"start":{"line":36,"column":6},"end":{"line":36,"column":70}},"20":{"start":{"line":38,"column":6},"end":{"line":38,"column":39}},"21":{"start":{"line":39,"column":6},"end":{"line":39,"column":20}},"22":{"start":{"line":40,"column":6},"end":{"line":40,"column":22}},"23":{"start":{"line":41,"column":6},"end":{"line":41,"column":22}},"24":{"start":{"line":43,"column":6},"end":{"line":43,"column":36}},"25":{"start":{"line":44,"column":6},"end":{"line":46,"column":15}},"26":{"start":{"line":45,"column":8},"end":{"line":45,"column":23}},"27":{"start":{"line":50,"column":2},"end":{"line":54,"column":9}},"28":{"start":{"line":51,"column":4},"end":{"line":53,"column":7}},"29":{"start":{"line":52,"column":6},"end":{"line":52,"column":29}},"30":{"start":{"line":56,"column":18},"end":{"line":61,"column":3}},"31":{"start":{"line":57,"column":4},"end":{"line":57,"column":43}},"32":{"start":{"line":58,"column":4},"end":{"line":60,"column":7}},"33":{"start":{"line":59,"column":6},"end":{"line":59,"column":43}},"34":{"start":{"line":63,"column":27},"end":{"line":70,"column":3}},"35":{"start":{"line":64,"column":4},"end":{"line":69,"column":5}},"36":{"start":{"line":65,"column":6},"end":{"line":68,"column":9}},"37":{"start":{"line":66,"column":8},"end":{"line":66,"column":56}},"38":{"start":{"line":66,"column":37},"end":{"line":66,"column":53}},"39":{"start":{"line":67,"column":8},"end":{"line":67,"column":66}},"40":{"start":{"line":72,"column":30},"end":{"line":90,"column":3}},"41":{"start":{"line":73,"column":17},"end":{"line":73,"column":47}},"42":{"start":{"line":73,"column":35},"end":{"line":73,"column":46}},"43":{"start":{"line":74,"column":24},"end":{"line":74,"column":63}},"44":{"start":{"line":75,"column":4},"end":{"line":89,"column":9}},"45":{"start":{"line":78,"column":8},"end":{"line":78,"column":78}},"46":{"start":{"line":78,"column":38},"end":{"line":78,"column":74}},"47":{"start":{"line":81,"column":8},"end":{"line":83,"column":10}},"48":{"start":{"line":84,"column":8},"end":{"line":86,"column":17}},"49":{"start":{"line":85,"column":10},"end":{"line":85,"column":25}},"50":{"start":{"line":88,"column":8},"end":{"line":88,"column":51}},"51":{"start":{"line":88,"column":37},"end":{"line":88,"column":48}},"52":{"start":{"line":92,"column":22},"end":{"line":92,"column":78}},"53":{"start":{"line":92,"column":63},"end":{"line":92,"column":77}},"54":{"start":{"line":94,"column":20},"end":{"line":104,"column":3}},"55":{"start":{"line":95,"column":4},"end":{"line":103,"column":16}},"56":{"start":{"line":99,"column":46},"end":{"line":99,"column":71}},"57":{"start":{"line":100,"column":46},"end":{"line":100,"column":71}},"58":{"start":{"line":106,"column":19},"end":{"line":110,"column":3}},"59":{"start":{"line":107,"column":4},"end":{"line":109,"column":16}},"60":{"start":{"line":112,"column":2},"end":{"line":143,"column":4}},"61":{"start":{"line":126,"column":31},"end":{"line":126,"column":51}},"62":{"start":{"line":132,"column":10},"end":{"line":137,"column":12}},"63":{"start":{"line":135,"column":36},"end":{"line":135,"column":64}},"64":{"start":{"line":136,"column":32},"end":{"line":136,"column":54}}},"fnMap":{"0":{"name":"(anonymous_0)","decl":{"start":{"line":12,"column":12},"end":{"line":12,"column":13}},"loc":{"start":{"line":12,"column":18},"end":{"line":144,"column":1}},"line":12},"1":{"name":"(anonymous_1)","decl":{"start":{"line":22,"column":12},"end":{"line":22,"column":13}},"loc":{"start":{"line":22,"column":18},"end":{"line":29,"column":3}},"line":22},"2":{"name":"(anonymous_2)","decl":{"start":{"line":31,"column":22},"end":{"line":31,"column":23}},"loc":{"start":{"line":31,"column":39},"end":{"line":48,"column":3}},"line":31},"3":{"name":"(anonymous_3)","decl":{"start":{"line":44,"column":17},"end":{"line":44,"column":18}},"loc":{"start":{"line":44,"column":23},"end":{"line":46,"column":7}},"line":44},"4":{"name":"(anonymous_4)","decl":{"start":{"line":50,"column":12},"end":{"line":50,"column":13}},"loc":{"start":{"line":50,"column":18},"end":{"line":54,"column":3}},"line":50},"5":{"name":"(anonymous_5)","decl":{"start":{"line":51,"column":30},"end":{"line":51,"column":31}},"loc":{"start":{"line":51,"column":48},"end":{"line":53,"column":5}},"line":51},"6":{"name":"(anonymous_6)","decl":{"start":{"line":56,"column":18},"end":{"line":56,"column":19}},"loc":{"start":{"line":56,"column":34},"end":{"line":61,"column":3}},"line":56},"7":{"name":"(anonymous_7)","decl":{"start":{"line":58,"column":40},"end":{"line":58,"column":41}},"loc":{"start":{"line":58,"column":58},"end":{"line":60,"column":5}},"line":58},"8":{"name":"(anonymous_8)","decl":{"start":{"line":63,"column":27},"end":{"line":63,"column":28}},"loc":{"start":{"line":63,"column":37},"end":{"line":70,"column":3}},"line":63},"9":{"name":"(anonymous_9)","decl":{"start":{"line":65,"column":39},"end":{"line":65,"column":40}},"loc":{"start":{"line":65,"column":52},"end":{"line":68,"column":7}},"line":65},"10":{"name":"(anonymous_10)","decl":{"start":{"line":66,"column":30},"end":{"line":66,"column":31}},"loc":{"start":{"line":66,"column":37},"end":{"line":66,"column":53}},"line":66},"11":{"name":"(anonymous_11)","decl":{"start":{"line":72,"column":30},"end":{"line":72,"column":31}},"loc":{"start":{"line":72,"column":38},"end":{"line":90,"column":3}},"line":72},"12":{"name":"(anonymous_12)","decl":{"start":{"line":73,"column":28},"end":{"line":73,"column":29}},"loc":{"start":{"line":73,"column":35},"end":{"line":73,"column":46}},"line":73},"13":{"name":"(anonymous_13)","decl":{"start":{"line":77,"column":12},"end":{"line":77,"column":13}},"loc":{"start":{"line":77,"column":30},"end":{"line":79,"column":7}},"line":77},"14":{"name":"(anonymous_14)","decl":{"start":{"line":78,"column":27},"end":{"line":78,"column":28}},"loc":{"start":{"line":78,"column":38},"end":{"line":78,"column":74}},"line":78},"15":{"name":"(anonymous_15)","decl":{"start":{"line":80,"column":13},"end":{"line":80,"column":14}},"loc":{"start":{"line":80,"column":24},"end":{"line":89,"column":7}},"line":80},"16":{"name":"(anonymous_16)","decl":{"start":{"line":84,"column":19},"end":{"line":84,"column":20}},"loc":{"start":{"line":84,"column":25},"end":{"line":86,"column":9}},"line":84},"17":{"name":"(anonymous_17)","decl":{"start":{"line":88,"column":30},"end":{"line":88,"column":31}},"loc":{"start":{"line":88,"column":37},"end":{"line":88,"column":48}},"line":88},"18":{"name":"(anonymous_18)","decl":{"start":{"line":92,"column":53},"end":{"line":92,"column":54}},"loc":{"start":{"line":92,"column":63},"end":{"line":92,"column":77}},"line":92},"19":{"name":"(anonymous_19)","decl":{"start":{"line":94,"column":20},"end":{"line":94,"column":21}},"loc":{"start":{"line":95,"column":4},"end":{"line":103,"column":16}},"line":95},"20":{"name":"(anonymous_20)","decl":{"start":{"line":99,"column":30},"end":{"line":99,"column":31}},"loc":{"start":{"line":99,"column":46},"end":{"line":99,"column":71}},"line":99},"21":{"name":"(anonymous_21)","decl":{"start":{"line":100,"column":30},"end":{"line":100,"column":31}},"loc":{"start":{"line":100,"column":46},"end":{"line":100,"column":71}},"line":100},"22":{"name":"(anonymous_22)","decl":{"start":{"line":106,"column":19},"end":{"line":106,"column":20}},"loc":{"start":{"line":107,"column":4},"end":{"line":109,"column":16}},"line":107},"23":{"name":"(anonymous_23)","decl":{"start":{"line":126,"column":25},"end":{"line":126,"column":26}},"loc":{"start":{"line":126,"column":31},"end":{"line":126,"column":51}},"line":126},"24":{"name":"(anonymous_24)","decl":{"start":{"line":131,"column":25},"end":{"line":131,"column":26}},"loc":{"start":{"line":132,"column":10},"end":{"line":137,"column":12}},"line":132},"25":{"name":"(anonymous_25)","decl":{"start":{"line":135,"column":30},"end":{"line":135,"column":31}},"loc":{"start":{"line":135,"column":36},"end":{"line":135,"column":64}},"line":135},"26":{"name":"(anonymous_26)","decl":{"start":{"line":136,"column":26},"end":{"line":136,"column":27}},"loc":{"start":{"line":136,"column":32},"end":{"line":136,"column":54}},"line":136}},"branchMap":{"0":{"loc":{"start":{"line":24,"column":4},"end":{"line":28,"column":5}},"type":"if","locations":[{"start":{"line":24,"column":4},"end":{"line":28,"column":5}},{"start":{},"end":{}}],"line":24},"1":{"loc":{"start":{"line":64,"column":4},"end":{"line":69,"column":5}},"type":"if","locations":[{"start":{"line":64,"column":4},"end":{"line":69,"column":5}},{"start":{},"end":{}}],"line":64},"2":{"loc":{"start":{"line":78,"column":38},"end":{"line":78,"column":74}},"type":"cond-expr","locations":[{"start":{"line":78,"column":55},"end":{"line":78,"column":59}},{"start":{"line":78,"column":62},"end":{"line":78,"column":74}}],"line":78},"3":{"loc":{"start":{"line":92,"column":22},"end":{"line":92,"column":78}},"type":"cond-expr","locations":[{"start":{"line":92,"column":32},"end":{"line":92,"column":37}},{"start":{"line":92,"column":40},"end":{"line":92,"column":78}}],"line":92},"4":{"loc":{"start":{"line":115,"column":7},"end":{"line":115,"column":54}},"type":"cond-expr","locations":[{"start":{"line":115,"column":15},"end":{"line":115,"column":47}},{"start":{"line":115,"column":50},"end":{"line":115,"column":54}}],"line":115},"5":{"loc":{"start":{"line":116,"column":7},"end":{"line":123,"column":7}},"type":"cond-expr","locations":[{"start":{"line":117,"column":8},"end":{"line":117,"column":19}},{"start":{"line":119,"column":8},"end":{"line":122,"column":14}}],"line":116},"6":{"loc":{"start":{"line":127,"column":16},"end":{"line":127,"column":45}},"type":"cond-expr","locations":[{"start":{"line":127,"column":26},"end":{"line":127,"column":37}},{"start":{"line":127,"column":40},"end":{"line":127,"column":45}}],"line":127}},"s":{"0":0,"1":0,"2":0,"3":0,"4":0,"5":0,"6":0,"7":0,"8":0,"9":0,"10":0,"11":0,"12":0,"13":0,"14":0,"15":0,"16":0,"17":0,"18":0,"19":0,"20":0,"21":0,"22":0,"23":0,"24":0,"25":0,"26":0,"27":0,"28":0,"29":0,"30":0,"31":0,"32":0,"33":0,"34":0,"35":0,"36":0,"37":0,"38":0,"39":0,"40":0,"41":0,"42":0,"43":0,"44":0,"45":0,"46":0,"47":0,"48":0,"49":0,"50":0,"51":0,"52":0,"53":0,"54":0,"55":0,"56":0,"57":0,"58":0,"59":0,"60":0,"61":0,"62":0,"63":0,"64":0},"f":{"0":0,"1":0,"2":0,"3":0,"4":0,"5":0,"6":0,"7":0,"8":0,"9":0,"10":0,"11":0,"12":0,"13":0,"14":0,"15":0,"16":0,"17":0,"18":0,"19":0,"20":0,"21":0,"22":0,"23":0,"24":0,"25":0,"26":0},"b":{"0":[0,0],"1":[0,0],"2":[0,0],"3":[0,0],"4":[0,0],"5":[0,0],"6":[0,0]}}
,"C:\\Repository\\priv\\react\\part2\\frontend\\src\\index.js": {"path":"C:\\Repository\\priv\\react\\part2\\frontend\\src\\index.js","statementMap":{"0":{"start":{"line":4,"column":0},"end":{"line":4,"column":58}}},"fnMap":{},"branchMap":{},"s":{"0":0},"f":{},"b":{}}
,"C:\\Repository\\priv\\react\\part2\\frontend\\src\\components\\Footer.js": {"path":"C:\\Repository\\priv\\react\\part2\\frontend\\src\\components\\Footer.js","statementMap":{"0":{"start":{"line":1,"column":15},"end":{"line":15,"column":1}},"1":{"start":{"line":2,"column":22},"end":{"line":6,"column":3}},"2":{"start":{"line":7,"column":2},"end":{"line":14,"column":4}}},"fnMap":{"0":{"name":"(anonymous_0)","decl":{"start":{"line":1,"column":15},"end":{"line":1,"column":16}},"loc":{"start":{"line":1,"column":21},"end":{"line":15,"column":1}},"line":1}},"branchMap":{},"s":{"0":0,"1":0,"2":0},"f":{"0":0},"b":{}}
,"C:\\Repository\\priv\\react\\part2\\frontend\\src\\components\\Login.js": {"path":"C:\\Repository\\priv\\react\\part2\\frontend\\src\\components\\Login.js","statementMap":{"0":{"start":{"line":3,"column":18},"end":{"line":36,"column":1}},"1":{"start":{"line":10,"column":2},"end":{"line":35,"column":4}}},"fnMap":{"0":{"name":"(anonymous_0)","decl":{"start":{"line":3,"column":18},"end":{"line":3,"column":19}},"loc":{"start":{"line":9,"column":6},"end":{"line":36,"column":1}},"line":9}},"branchMap":{},"s":{"0":0,"1":0},"f":{"0":0},"b":{}}
,"C:\\Repository\\priv\\react\\part2\\frontend\\src\\components\\Note.js": {"path":"C:\\Repository\\priv\\react\\part2\\frontend\\src\\components\\Note.js","statementMap":{"0":{"start":{"line":3,"column":13},"end":{"line":23,"column":1}},"1":{"start":{"line":4,"column":16},"end":{"line":4,"column":72}},"2":{"start":{"line":5,"column":16},"end":{"line":7,"column":43}},"3":{"start":{"line":8,"column":2},"end":{"line":22,"column":4}}},"fnMap":{"0":{"name":"(anonymous_0)","decl":{"start":{"line":3,"column":13},"end":{"line":3,"column":14}},"loc":{"start":{"line":3,"column":59},"end":{"line":23,"column":1}},"line":3}},"branchMap":{"0":{"loc":{"start":{"line":4,"column":16},"end":{"line":4,"column":72}},"type":"cond-expr","locations":[{"start":{"line":4,"column":33},"end":{"line":4,"column":53}},{"start":{"line":4,"column":56},"end":{"line":4,"column":72}}],"line":4},"1":{"loc":{"start":{"line":5,"column":16},"end":{"line":7,"column":43}},"type":"cond-expr","locations":[{"start":{"line":6,"column":6},"end":{"line":6,"column":41}},{"start":{"line":7,"column":6},"end":{"line":7,"column":43}}],"line":5}},"s":{"0":1,"1":2,"2":2,"3":2},"f":{"0":2},"b":{"0":[2,0],"1":[2,0]},"_coverageSchema":"1a1c01bbd47fc00a2c39e90264f33305004495a9","hash":"fa39635d79fb39db880f8fe3b1a1a42ca2eacc13"}
,"C:\\Repository\\priv\\react\\part2\\frontend\\src\\components\\NoteForm.js": {"path":"C:\\Repository\\priv\\react\\part2\\frontend\\src\\components\\NoteForm.js","statementMap":{"0":{"start":{"line":3,"column":17},"end":{"line":31,"column":1}},"1":{"start":{"line":4,"column":32},"end":{"line":4,"column":44}},"2":{"start":{"line":6,"column":23},"end":{"line":8,"column":3}},"3":{"start":{"line":7,"column":4},"end":{"line":7,"column":35}},"4":{"start":{"line":10,"column":18},"end":{"line":19,"column":3}},"5":{"start":{"line":11,"column":4},"end":{"line":11,"column":27}},"6":{"start":{"line":12,"column":4},"end":{"line":16,"column":7}},"7":{"start":{"line":18,"column":4},"end":{"line":18,"column":19}},"8":{"start":{"line":21,"column":2},"end":{"line":30,"column":4}}},"fnMap":{"0":{"name":"(anonymous_0)","decl":{"start":{"line":3,"column":17},"end":{"line":3,"column":18}},"loc":{"start":{"line":3,"column":37},"end":{"line":31,"column":1}},"line":3},"1":{"name":"(anonymous_1)","decl":{"start":{"line":6,"column":23},"end":{"line":6,"column":24}},"loc":{"start":{"line":6,"column":34},"end":{"line":8,"column":3}},"line":6},"2":{"name":"(anonymous_2)","decl":{"start":{"line":10,"column":18},"end":{"line":10,"column":19}},"loc":{"start":{"line":10,"column":29},"end":{"line":19,"column":3}},"line":10}},"branchMap":{},"s":{"0":1,"1":3,"2":3,"3":1,"4":3,"5":1,"6":1,"7":1,"8":3},"f":{"0":3,"1":1,"2":1},"b":{},"_coverageSchema":"1a1c01bbd47fc00a2c39e90264f33305004495a9","hash":"af7f2bf5b23e84c35adc87705deb1773c1b01cb4"}
,"C:\\Repository\\priv\\react\\part2\\frontend\\src\\components\\Notification.js": {"path":"C:\\Repository\\priv\\react\\part2\\frontend\\src\\components\\Notification.js","statementMap":{"0":{"start":{"line":1,"column":21},"end":{"line":6,"column":1}},"1":{"start":{"line":2,"column":2},"end":{"line":4,"column":3}},"2":{"start":{"line":3,"column":4},"end":{"line":3,"column":16}},"3":{"start":{"line":5,"column":2},"end":{"line":5,"column":48}}},"fnMap":{"0":{"name":"(anonymous_0)","decl":{"start":{"line":1,"column":21},"end":{"line":1,"column":22}},"loc":{"start":{"line":1,"column":38},"end":{"line":6,"column":1}},"line":1}},"branchMap":{"0":{"loc":{"start":{"line":2,"column":2},"end":{"line":4,"column":3}},"type":"if","locations":[{"start":{"line":2,"column":2},"end":{"line":4,"column":3}},{"start":{},"end":{}}],"line":2}},"s":{"0":1,"1":1,"2":0,"3":1},"f":{"0":1},"b":{"0":[0,1]},"_coverageSchema":"1a1c01bbd47fc00a2c39e90264f33305004495a9","hash":"83fc48049d9d6e3d389c3b123e785fa97ac9dee6"}
,"C:\\Repository\\priv\\react\\part2\\frontend\\src\\components\\Togglable.js": {"path":"C:\\Repository\\priv\\react\\part2\\frontend\\src\\components\\Togglable.js","statementMap":{"0":{"start":{"line":3,"column":18},"end":{"line":27,"column":2}},"1":{"start":{"line":4,"column":32},"end":{"line":4,"column":47}},"2":{"start":{"line":5,"column":26},"end":{"line":5,"column":60}},"3":{"start":{"line":6,"column":26},"end":{"line":6,"column":60}},"4":{"start":{"line":8,"column":27},"end":{"line":10,"column":3}},"5":{"start":{"line":9,"column":4},"end":{"line":9,"column":25}},"6":{"start":{"line":12,"column":2},"end":{"line":14,"column":5}},"7":{"start":{"line":13,"column":4},"end":{"line":13,"column":32}},"8":{"start":{"line":16,"column":2},"end":{"line":26,"column":4}}},"fnMap":{"0":{"name":"(anonymous_0)","decl":{"start":{"line":3,"column":35},"end":{"line":3,"column":36}},"loc":{"start":{"line":3,"column":51},"end":{"line":27,"column":1}},"line":3},"1":{"name":"(anonymous_1)","decl":{"start":{"line":8,"column":27},"end":{"line":8,"column":28}},"loc":{"start":{"line":8,"column":33},"end":{"line":10,"column":3}},"line":8},"2":{"name":"(anonymous_2)","decl":{"start":{"line":12,"column":27},"end":{"line":12,"column":28}},"loc":{"start":{"line":12,"column":33},"end":{"line":14,"column":3}},"line":12}},"branchMap":{"0":{"loc":{"start":{"line":5,"column":37},"end":{"line":5,"column":58}},"type":"cond-expr","locations":[{"start":{"line":5,"column":47},"end":{"line":5,"column":53}},{"start":{"line":5,"column":56},"end":{"line":5,"column":58}}],"line":5},"1":{"loc":{"start":{"line":6,"column":37},"end":{"line":6,"column":58}},"type":"cond-expr","locations":[{"start":{"line":6,"column":47},"end":{"line":6,"column":49}},{"start":{"line":6,"column":52},"end":{"line":6,"column":58}}],"line":6}},"s":{"0":1,"1":4,"2":4,"3":4,"4":4,"5":1,"6":4,"7":0,"8":4},"f":{"0":4,"1":1,"2":0},"b":{"0":[1,3],"1":[1,3]},"_coverageSchema":"1a1c01bbd47fc00a2c39e90264f33305004495a9","hash":"5e7f6ac69fe4654702b0ad3095a06d45f708d876"}
,"C:\\Repository\\priv\\react\\part2\\frontend\\src\\services\\login.js": {"path":"C:\\Repository\\priv\\react\\part2\\frontend\\src\\services\\login.js","statementMap":{"0":{"start":{"line":2,"column":16},"end":{"line":2,"column":49}},"1":{"start":{"line":5,"column":14},"end":{"line":11,"column":1}},"2":{"start":{"line":6,"column":19},"end":{"line":9,"column":4}},"3":{"start":{"line":10,"column":2},"end":{"line":10,"column":23}}},"fnMap":{"0":{"name":"(anonymous_0)","decl":{"start":{"line":5,"column":14},"end":{"line":5,"column":15}},"loc":{"start":{"line":5,"column":48},"end":{"line":11,"column":1}},"line":5}},"branchMap":{},"s":{"0":0,"1":0,"2":0,"3":0},"f":{"0":0},"b":{}}
,"C:\\Repository\\priv\\react\\part2\\frontend\\src\\services\\notes.js": {"path":"C:\\Repository\\priv\\react\\part2\\frontend\\src\\services\\notes.js","statementMap":{"0":{"start":{"line":3,"column":16},"end":{"line":3,"column":49}},"1":{"start":{"line":6,"column":22},"end":{"line":8,"column":1}},"2":{"start":{"line":7,"column":2},"end":{"line":7,"column":44}},"3":{"start":{"line":7,"column":29},"end":{"line":7,"column":42}},"4":{"start":{"line":10,"column":12},"end":{"line":10,"column":16}},"5":{"start":{"line":12,"column":17},"end":{"line":14,"column":1}},"6":{"start":{"line":13,"column":2},"end":{"line":13,"column":31}},"7":{"start":{"line":16,"column":15},"end":{"line":19,"column":1}},"8":{"start":{"line":17,"column":18},"end":{"line":17,"column":36}},"9":{"start":{"line":18,"column":2},"end":{"line":18,"column":51}},"10":{"start":{"line":18,"column":36},"end":{"line":18,"column":49}},"11":{"start":{"line":21,"column":15},"end":{"line":28,"column":1}},"12":{"start":{"line":22,"column":17},"end":{"line":24,"column":3}},"13":{"start":{"line":26,"column":18},"end":{"line":26,"column":56}},"14":{"start":{"line":27,"column":2},"end":{"line":27,"column":51}},"15":{"start":{"line":27,"column":36},"end":{"line":27,"column":49}},"16":{"start":{"line":30,"column":15},"end":{"line":33,"column":1}},"17":{"start":{"line":31,"column":18},"end":{"line":31,"column":58}},"18":{"start":{"line":32,"column":2},"end":{"line":32,"column":51}},"19":{"start":{"line":32,"column":36},"end":{"line":32,"column":49}},"20":{"start":{"line":35,"column":15},"end":{"line":38,"column":1}},"21":{"start":{"line":36,"column":18},"end":{"line":36,"column":50}},"22":{"start":{"line":37,"column":2},"end":{"line":37,"column":51}},"23":{"start":{"line":37,"column":36},"end":{"line":37,"column":49}}},"fnMap":{"0":{"name":"(anonymous_0)","decl":{"start":{"line":6,"column":22},"end":{"line":6,"column":23}},"loc":{"start":{"line":6,"column":35},"end":{"line":8,"column":1}},"line":6},"1":{"name":"(anonymous_1)","decl":{"start":{"line":7,"column":15},"end":{"line":7,"column":16}},"loc":{"start":{"line":7,"column":29},"end":{"line":7,"column":42}},"line":7},"2":{"name":"(anonymous_2)","decl":{"start":{"line":12,"column":17},"end":{"line":12,"column":18}},"loc":{"start":{"line":12,"column":31},"end":{"line":14,"column":1}},"line":12},"3":{"name":"(anonymous_3)","decl":{"start":{"line":16,"column":15},"end":{"line":16,"column":16}},"loc":{"start":{"line":16,"column":21},"end":{"line":19,"column":1}},"line":16},"4":{"name":"(anonymous_4)","decl":{"start":{"line":18,"column":22},"end":{"line":18,"column":23}},"loc":{"start":{"line":18,"column":36},"end":{"line":18,"column":49}},"line":18},"5":{"name":"(anonymous_5)","decl":{"start":{"line":21,"column":15},"end":{"line":21,"column":16}},"loc":{"start":{"line":21,"column":30},"end":{"line":28,"column":1}},"line":21},"6":{"name":"(anonymous_6)","decl":{"start":{"line":27,"column":22},"end":{"line":27,"column":23}},"loc":{"start":{"line":27,"column":36},"end":{"line":27,"column":49}},"line":27},"7":{"name":"(anonymous_7)","decl":{"start":{"line":30,"column":15},"end":{"line":30,"column":16}},"loc":{"start":{"line":30,"column":34},"end":{"line":33,"column":1}},"line":30},"8":{"name":"(anonymous_8)","decl":{"start":{"line":32,"column":22},"end":{"line":32,"column":23}},"loc":{"start":{"line":32,"column":36},"end":{"line":32,"column":49}},"line":32},"9":{"name":"(anonymous_9)","decl":{"start":{"line":35,"column":15},"end":{"line":35,"column":16}},"loc":{"start":{"line":35,"column":23},"end":{"line":38,"column":1}},"line":35},"10":{"name":"(anonymous_10)","decl":{"start":{"line":37,"column":22},"end":{"line":37,"column":23}},"loc":{"start":{"line":37,"column":36},"end":{"line":37,"column":49}},"line":37}},"branchMap":{},"s":{"0":0,"1":0,"2":0,"3":0,"4":0,"5":0,"6":0,"7":0,"8":0,"9":0,"10":0,"11":0,"12":0,"13":0,"14":0,"15":0,"16":0,"17":0,"18":0,"19":0,"20":0,"21":0,"22":0,"23":0},"f":{"0":0,"1":0,"2":0,"3":0,"4":0,"5":0,"6":0,"7":0,"8":0,"9":0,"10":0},"b":{}}
}
